<?xml version="1.0" encoding="UTF-8"?>
<!-- Generated by org.testng.reporters.JUnitReportReporter -->
<testsuite hostname="DESKTOP-DDTAJ8U" failures="0" tests="2" name="MyTestCases" time="24.241" errors="0" timestamp="2024-11-16T00:48:58 EET" skipped="1">
  <testcase classname="MyTestCases" name="ClickOnTwoRandomNumbers" time="24.241"/>
  <system-out/>
  <testcase classname="MyTestCases" name="AddTwoNumber">
    <skipped/>
  </testcase> <!-- AddTwoNumber -->
  <system-out/>
</testsuite> <!-- MyTestCases -->
