<?xml version="1.0" encoding="UTF-8"?>
<!-- Generated by org.testng.reporters.JUnitReportReporter -->
<testsuite hostname="DESKTOP-DDTAJ8U" failures="0" tests="4" name="MyTestCases" time="13.951" errors="0" timestamp="2024-11-26T16:02:09 EET" skipped="3">
  <testcase classname="MyTestCases" name="PriorityTest" time="13.951"/>
  <system-out/>
  <testcase classname="MyTestCases" name="ClickOnEvenNumbers">
    <skipped/>
  </testcase> <!-- ClickOnEvenNumbers -->
  <system-out/>
  <testcase classname="MyTestCases" name="ClickOnTwoRandomNumbers">
    <skipped/>
  </testcase> <!-- ClickOnTwoRandomNumbers -->
  <system-out/>
  <testcase classname="MyTestCases" name="AddTwoNumber">
    <skipped/>
  </testcase> <!-- AddTwoNumber -->
  <system-out/>
</testsuite> <!-- MyTestCases -->
