<?xml version="1.0" encoding="UTF-8"?>
<!-- Generated by org.testng.reporters.JUnitReportReporter -->
<testsuite hostname="DESKTOP-DDTAJ8U" failures="0" tests="1" name="MyTestCases" time="7.923" errors="0" timestamp="2024-11-15T23:56:14 EET" skipped="0">
  <testcase classname="MyTestCases" name="MyFirstTest" time="7.923"/>
  <system-out/>
</testsuite> <!-- MyTestCases -->
