<?xml version="1.0" encoding="UTF-8"?>
<!-- Generated by org.testng.reporters.JUnitReportReporter -->
<testsuite hostname="DESKTOP-DDTAJ8U" failures="0" tests="3" name="MyTestCases" time="11.775" errors="0" timestamp="2024-11-17T07:29:41 EET" skipped="2">
  <testcase classname="MyTestCases" name="ClickOnEvenNumbers" time="11.775"/>
  <system-out/>
  <testcase classname="MyTestCases" name="ClickOnTwoRandomNumbers">
    <skipped/>
  </testcase> <!-- ClickOnTwoRandomNumbers -->
  <system-out/>
  <testcase classname="MyTestCases" name="AddTwoNumber">
    <skipped/>
  </testcase> <!-- AddTwoNumber -->
  <system-out/>
</testsuite> <!-- MyTestCases -->
